<?xml version="1.0" encoding="UTF-8" ?>
<testsuite tests="7" failures="2" name="TestSuite" time="67.812" errors="0" skipped="0">
  <properties>
    <property name="java.runtime.name" value="Java(TM) SE Runtime Environment"/>
    <property name="sun.boot.library.path" value="C:\Program Files\Java\jdk1.8.0_181\jre\bin"/>
    <property name="java.vm.version" value="25.181-b13"/>
    <property name="java.vm.vendor" value="Oracle Corporation"/>
    <property name="java.vendor.url" value="http://java.oracle.com/"/>
    <property name="path.separator" value=";"/>
    <property name="java.vm.name" value="Java HotSpot(TM) 64-Bit Server VM"/>
    <property name="file.encoding.pkg" value="sun.io"/>
    <property name="user.script" value=""/>
    <property name="user.country" value="CN"/>
    <property name="sun.java.launcher" value="SUN_STANDARD"/>
    <property name="sun.os.patch.level" value=""/>
    <property name="java.vm.specification.name" value="Java Virtual Machine Specification"/>
    <property name="user.dir" value="C:\Users\Maxwell\.ssh\workspace\muke\AutoTest\Chapter13"/>
    <property name="java.runtime.version" value="1.8.0_181-b13"/>
    <property name="java.awt.graphicsenv" value="sun.awt.Win32GraphicsEnvironment"/>
    <property name="basedir" value="C:\Users\Maxwell\.ssh\workspace\muke\AutoTest\Chapter13"/>
    <property name="java.endorsed.dirs" value="C:\Program Files\Java\jdk1.8.0_181\jre\lib\endorsed"/>
    <property name="os.arch" value="amd64"/>
    <property name="surefire.real.class.path" value="C:\Users\Maxwell\.ssh\workspace\muke\AutoTest\Chapter13\target\surefire\surefirebooter926657122651048980.jar"/>
    <property name="java.io.tmpdir" value="C:\Users\Maxwell\AppData\Local\Temp\"/>
    <property name="line.separator" value="
"/>
    <property name="java.vm.specification.vendor" value="Oracle Corporation"/>
    <property name="user.variant" value=""/>
    <property name="os.name" value="Windows 10"/>
    <property name="sun.jnu.encoding" value="GBK"/>
    <property name="java.library.path" value="C:\Program Files\Java\jdk1.8.0_181\jre\bin;C:\Windows\Sun\Java\bin;C:\Windows\system32;C:\Windows;C:\Program Files\Git\mingw64\bin;C:\Program Files\Git\usr\bin;C:\Users\Maxwell\bin;C:\Program Files (x86)\Common Files\Oracle\Java\javapath;C:\Windows\system32;C:\Windows;C:\Windows\System32\Wbem;C:\Windows\System32\WindowsPowerShell\v1.0;C:\Windows\System32\OpenSSH;C:\Program Files (x86)\NVIDIA Corporation\PhysX\Common;C:\Program Files\NVIDIA Corporation\NVIDIA NvDLISR;C:\Program Files\Git\cmd;C:\Program Files\Java\jdk1.8.0_181\bi;C:\Program Files\Java\jdk1.8.0_181\jre\bin;.;C:\mysql-8.0.17-winx64\mysql-8.0.17-winx64\bin;C:\ideaIU-2019.1.3-jbr11.win\plugins\maven\lib\maven3\bin;."/>
    <property name="surefire.test.class.path" value="C:\Users\Maxwell\.ssh\workspace\muke\AutoTest\Chapter13\target\test-classes;C:\Users\Maxwell\.ssh\workspace\muke\AutoTest\Chapter13\target\classes;C:\Users\Maxwell\.m2\repository\org\apache\httpcomponents\httpclient\4.1.2\httpclient-4.1.2.jar;C:\Users\Maxwell\.m2\repository\org\apache\httpcomponents\httpcore\4.4.9\httpcore-4.4.9.jar;C:\Users\Maxwell\.m2\repository\commons-codec\commons-codec\1.11\commons-codec-1.11.jar;C:\Users\Maxwell\.m2\repository\org\json\json\20170516\json-20170516.jar;C:\Users\Maxwell\.m2\repository\org\mybatis\mybatis\3.4.4\mybatis-3.4.4.jar;C:\Users\Maxwell\.m2\repository\mysql\mysql-connector-java\8.0.17\mysql-connector-java-8.0.17.jar;C:\Users\Maxwell\.m2\repository\com\google\protobuf\protobuf-java\3.6.1\protobuf-java-3.6.1.jar;C:\Users\Maxwell\.m2\repository\org\projectlombok\lombok\1.16.14\lombok-1.16.14.jar;C:\Users\Maxwell\.m2\repository\com\relevantcodes\extentreports\2.41.1\extentreports-2.41.1.jar;C:\Users\Maxwell\.m2\repository\org\jsoup\jsoup\1.8.3\jsoup-1.8.3.jar;C:\Users\Maxwell\.m2\repository\org\xerial\sqlite-jdbc\3.21.0.1\sqlite-jdbc-3.21.0.1.jar;C:\Users\Maxwell\.m2\repository\org\freemarker\freemarker\2.3.27-incubating\freemarker-2.3.27-incubating.jar;C:\Users\Maxwell\.m2\repository\org\mongodb\mongodb-driver\3.6.3\mongodb-driver-3.6.3.jar;C:\Users\Maxwell\.m2\repository\org\mongodb\bson\3.6.3\bson-3.6.3.jar;C:\Users\Maxwell\.m2\repository\org\mongodb\mongodb-driver-core\3.6.3\mongodb-driver-core-3.6.3.jar;C:\Users\Maxwell\.m2\repository\com\vimalselvam\testng-extentsreport\1.3.1\testng-extentsreport-1.3.1.jar;C:\Users\Maxwell\.m2\repository\com\google\guava\guava\20.0\guava-20.0.jar;C:\Users\Maxwell\.m2\repository\com\aventstack\extentreports\3.0.6\extentreports-3.0.6.jar;C:\Users\Maxwell\.m2\repository\org\apache\httpcomponents\httpmime\4.5.5\httpmime-4.5.5.jar;C:\Users\Maxwell\.m2\repository\org\testng\testng\6.10\testng-6.10.jar;C:\Users\Maxwell\.m2\repository\com\beust\jcommander\1.48\jcommander-1.48.jar;C:\Users\Maxwell\.m2\repository\commons-logging\commons-logging\1.2\commons-logging-1.2.jar;"/>
    <property name="java.specification.name" value="Java Platform API Specification"/>
    <property name="java.class.version" value="52.0"/>
    <property name="sun.management.compiler" value="HotSpot 64-Bit Tiered Compilers"/>
    <property name="os.version" value="10.0"/>
    <property name="user.home" value="C:\Users\Maxwell"/>
    <property name="user.timezone" value="Asia/Shanghai"/>
    <property name="java.awt.printerjob" value="sun.awt.windows.WPrinterJob"/>
    <property name="java.specification.version" value="1.8"/>
    <property name="file.encoding" value="GBK"/>
    <property name="user.name" value="Maxwell"/>
    <property name="java.class.path" value="C:\Users\Maxwell\.ssh\workspace\muke\AutoTest\Chapter13\target\test-classes;C:\Users\Maxwell\.ssh\workspace\muke\AutoTest\Chapter13\target\classes;C:\Users\Maxwell\.m2\repository\org\apache\httpcomponents\httpclient\4.1.2\httpclient-4.1.2.jar;C:\Users\Maxwell\.m2\repository\org\apache\httpcomponents\httpcore\4.4.9\httpcore-4.4.9.jar;C:\Users\Maxwell\.m2\repository\commons-codec\commons-codec\1.11\commons-codec-1.11.jar;C:\Users\Maxwell\.m2\repository\org\json\json\20170516\json-20170516.jar;C:\Users\Maxwell\.m2\repository\org\mybatis\mybatis\3.4.4\mybatis-3.4.4.jar;C:\Users\Maxwell\.m2\repository\mysql\mysql-connector-java\8.0.17\mysql-connector-java-8.0.17.jar;C:\Users\Maxwell\.m2\repository\com\google\protobuf\protobuf-java\3.6.1\protobuf-java-3.6.1.jar;C:\Users\Maxwell\.m2\repository\org\projectlombok\lombok\1.16.14\lombok-1.16.14.jar;C:\Users\Maxwell\.m2\repository\com\relevantcodes\extentreports\2.41.1\extentreports-2.41.1.jar;C:\Users\Maxwell\.m2\repository\org\jsoup\jsoup\1.8.3\jsoup-1.8.3.jar;C:\Users\Maxwell\.m2\repository\org\xerial\sqlite-jdbc\3.21.0.1\sqlite-jdbc-3.21.0.1.jar;C:\Users\Maxwell\.m2\repository\org\freemarker\freemarker\2.3.27-incubating\freemarker-2.3.27-incubating.jar;C:\Users\Maxwell\.m2\repository\org\mongodb\mongodb-driver\3.6.3\mongodb-driver-3.6.3.jar;C:\Users\Maxwell\.m2\repository\org\mongodb\bson\3.6.3\bson-3.6.3.jar;C:\Users\Maxwell\.m2\repository\org\mongodb\mongodb-driver-core\3.6.3\mongodb-driver-core-3.6.3.jar;C:\Users\Maxwell\.m2\repository\com\vimalselvam\testng-extentsreport\1.3.1\testng-extentsreport-1.3.1.jar;C:\Users\Maxwell\.m2\repository\com\google\guava\guava\20.0\guava-20.0.jar;C:\Users\Maxwell\.m2\repository\com\aventstack\extentreports\3.0.6\extentreports-3.0.6.jar;C:\Users\Maxwell\.m2\repository\org\apache\httpcomponents\httpmime\4.5.5\httpmime-4.5.5.jar;C:\Users\Maxwell\.m2\repository\org\testng\testng\6.10\testng-6.10.jar;C:\Users\Maxwell\.m2\repository\com\beust\jcommander\1.48\jcommander-1.48.jar;C:\Users\Maxwell\.m2\repository\commons-logging\commons-logging\1.2\commons-logging-1.2.jar;"/>
    <property name="java.vm.specification.version" value="1.8"/>
    <property name="sun.arch.data.model" value="64"/>
    <property name="java.home" value="C:\Program Files\Java\jdk1.8.0_181\jre"/>
    <property name="sun.java.command" value="C:\Users\Maxwell\.ssh\workspace\muke\AutoTest\Chapter13\target\surefire\surefirebooter926657122651048980.jar C:\Users\Maxwell\.ssh\workspace\muke\AutoTest\Chapter13\target\surefire\surefire3521629127237571598tmp C:\Users\Maxwell\.ssh\workspace\muke\AutoTest\Chapter13\target\surefire\surefire3779521363330160997tmp"/>
    <property name="java.specification.vendor" value="Oracle Corporation"/>
    <property name="user.language" value="zh"/>
    <property name="awt.toolkit" value="sun.awt.windows.WToolkit"/>
    <property name="java.vm.info" value="mixed mode"/>
    <property name="java.version" value="1.8.0_181"/>
    <property name="java.ext.dirs" value="C:\Program Files\Java\jdk1.8.0_181\jre\lib\ext;C:\Windows\Sun\Java\lib\ext"/>
    <property name="sun.boot.class.path" value="C:\Program Files\Java\jdk1.8.0_181\jre\lib\resources.jar;C:\Program Files\Java\jdk1.8.0_181\jre\lib\rt.jar;C:\Program Files\Java\jdk1.8.0_181\jre\lib\sunrsasign.jar;C:\Program Files\Java\jdk1.8.0_181\jre\lib\jsse.jar;C:\Program Files\Java\jdk1.8.0_181\jre\lib\jce.jar;C:\Program Files\Java\jdk1.8.0_181\jre\lib\charsets.jar;C:\Program Files\Java\jdk1.8.0_181\jre\lib\jfr.jar;C:\Program Files\Java\jdk1.8.0_181\jre\classes"/>
    <property name="java.vendor" value="Oracle Corporation"/>
    <property name="localRepository" value="C:\Users\Maxwell\.m2\repository"/>
    <property name="file.separator" value="\"/>
    <property name="java.vendor.url.bug" value="http://bugreport.sun.com/bugreport/"/>
    <property name="sun.cpu.endian" value="little"/>
    <property name="sun.io.unicode.encoding" value="UnicodeLittle"/>
    <property name="sun.desktop" value="windows"/>
    <property name="sun.cpu.isalist" value="amd64"/>
  </properties>
  <testcase classname="com.course.cases.LoginTest" name="loginTrue" time="1.41"/>
  <testcase classname="com.course.cases.LoginTest" name="loginFalse" time="0.048"/>
  <testcase classname="com.course.cases.AddUserTest" name="addUser" time="10.057">
    <failure type="java.lang.NullPointerException">java.lang.NullPointerException
	at com.course.cases.AddUserTest.addUser(AddUserTest.java:34)
</failure>
    <system-out>AddUserCase(userName=zhao9, password=zhaozhao, sex=0, age=35, permission=1, isDelete=0, expected=true)http://localhost:8888/v1/addUser
true
</system-out>
  </testcase>
  <testcase classname="com.course.cases.GetUserInfoTest" name="getUserInfo" time="0.075"/>
  <testcase classname="com.course.cases.UpdateUserInfoTest" name="updateUserInfo" time="25.069"/>
  <testcase classname="com.course.cases.UpdateUserInfoTest" name="deleteUser" time="30.046">
    <failure message="expected object to not be null" type="java.lang.AssertionError">java.lang.AssertionError: expected object to not be null
	at org.testng.Assert.fail(Assert.java:94)
	at org.testng.Assert.assertNotNull(Assert.java:423)
	at org.testng.Assert.assertNotNull(Assert.java:408)
	at com.course.cases.UpdateUserInfoTest.deleteUser(UpdateUserInfoTest.java:49)
</failure>
    <system-out>UpdateUserInfoCase(id=2, userId=8, userName=null, sex=null, age=null, permission=null, isDelete=1, expected=getUpdateUserInfo)
http://localhost:8888/v1/updateUserInfo
</system-out>
  </testcase>
  <testcase classname="com.course.cases.GetUserInfoListTest" name="getUserListInfo" time="0.051"/>
</testsuite>