<?xml version="1.0" encoding="UTF-8"?>
<!-- Generated by org.testng.reporters.JUnitReportReporter -->
<testsuite name="com.course.cases.GetUserInfoListTest" tests="1" time="0.051" ignored="0" failures="0" timestamp="18 九月 2019 03:16:03 GMT" skipped="0" hostname="Maxwell" errors="0">
  <testcase name="getUserListInfo" time="0.051" classname="com.course.cases.GetUserInfoListTest"/>
</testsuite> <!-- com.course.cases.GetUserInfoListTest -->
