<?xml version="1.0" encoding="UTF-8"?>
<!-- Generated by org.testng.reporters.JUnitReportReporter -->
<testsuite name="com.course.cases.GetUserInfoTest" tests="1" time="0.075" ignored="0" failures="0" timestamp="18 九月 2019 03:16:03 GMT" skipped="0" hostname="Maxwell" errors="0">
  <testcase name="getUserInfo" time="0.075" classname="com.course.cases.GetUserInfoTest"/>
</testsuite> <!-- com.course.cases.GetUserInfoTest -->
