<?xml version="1.0" encoding="UTF-8"?>
<!-- Generated by org.testng.reporters.JUnitReportReporter -->
<testsuite name="com.course.cases.LoginTest" tests="2" time="1.456" ignored="0" failures="0" timestamp="18 九月 2019 03:16:03 GMT" skipped="0" hostname="Maxwell" errors="0">
  <testcase name="loginFalse" time="0.047" classname="com.course.cases.LoginTest"/>
  <testcase name="loginTrue" time="1.409" classname="com.course.cases.LoginTest"/>
</testsuite> <!-- com.course.cases.LoginTest -->
